C:\USERS\TOHA\DOCUMENTS\VISUAL STUDIO 2010\PROJECTS\KENKEN\DEBUG\KENKEN.EXE
C:\USERS\TOHA\DOCUMENTS\VISUAL STUDIO 2010\PROJECTS\KENKEN\DEBUG\KENKEN.PDB
C:\USERS\TOHA\DOCUMENTS\VISUAL STUDIO 2010\PROJECTS\KENKEN\KENKEN\DEBUG\BALLDEMO.OBJ
C:\Users\TOHA\documents\visual studio 2010\Projects\kenken\kenken\Debug\cl.command.1.tlog
C:\Users\TOHA\documents\visual studio 2010\Projects\kenken\kenken\Debug\CL.read.1.tlog
C:\Users\TOHA\documents\visual studio 2010\Projects\kenken\kenken\Debug\CL.write.1.tlog
C:\USERS\TOHA\DOCUMENTS\VISUAL STUDIO 2010\PROJECTS\KENKEN\KENKEN\DEBUG\IMAIN.OBJ
C:\Users\TOHA\documents\visual studio 2010\Projects\kenken\kenken\Debug\kenken.exe.embed.manifest
C:\USERS\TOHA\DOCUMENTS\VISUAL STUDIO 2010\PROJECTS\KENKEN\KENKEN\DEBUG\KENKEN.EXE.EMBED.MANIFEST.RES
C:\USERS\TOHA\DOCUMENTS\VISUAL STUDIO 2010\PROJECTS\KENKEN\KENKEN\DEBUG\KENKEN.EXE.INTERMEDIATE.MANIFEST
C:\USERS\TOHA\DOCUMENTS\VISUAL STUDIO 2010\PROJECTS\KENKEN\KENKEN\DEBUG\KENKEN.OBJ
C:\Users\TOHA\documents\visual studio 2010\Projects\kenken\kenken\Debug\kenken.vcxprojResolveAssemblyReference.cache
C:\Users\TOHA\documents\visual studio 2010\Projects\kenken\kenken\Debug\kenken.write.1.tlog
C:\Users\TOHA\documents\visual studio 2010\Projects\kenken\kenken\Debug\kenken_manifest.rc
C:\Users\TOHA\documents\visual studio 2010\Projects\kenken\kenken\Debug\link.command.1.tlog
C:\Users\TOHA\documents\visual studio 2010\Projects\kenken\kenken\Debug\link.read.1.tlog
C:\Users\TOHA\documents\visual studio 2010\Projects\kenken\kenken\Debug\link.write.1.tlog
C:\Users\TOHA\documents\visual studio 2010\Projects\kenken\kenken\Debug\mt.command.1.tlog
C:\Users\TOHA\documents\visual studio 2010\Projects\kenken\kenken\Debug\mt.read.1.tlog
C:\Users\TOHA\documents\visual studio 2010\Projects\kenken\kenken\Debug\mt.write.1.tlog
C:\Users\TOHA\documents\visual studio 2010\Projects\kenken\kenken\Debug\rc.command.1.tlog
C:\Users\TOHA\documents\visual studio 2010\Projects\kenken\kenken\Debug\rc.read.1.tlog
C:\Users\TOHA\documents\visual studio 2010\Projects\kenken\kenken\Debug\rc.write.1.tlog
C:\USERS\TOHA\DOCUMENTS\VISUAL STUDIO 2010\PROJECTS\KENKEN\KENKEN\DEBUG\SOURCE1.OBJ
C:\USERS\TOHA\DOCUMENTS\VISUAL STUDIO 2010\PROJECTS\KENKEN\KENKEN\DEBUG\TEXTINPUTDEMO.OBJ
C:\Users\TOHA\documents\visual studio 2010\Projects\kenken\kenken\Debug\vc100.idb
C:\USERS\TOHA\DOCUMENTS\VISUAL STUDIO 2010\PROJECTS\KENKEN\KENKEN\DEBUG\VC100.PDB
